<?xml version="1.0" encoding="UTF-8"?>
<testng-results skipped="0" failed="0" total="2" passed="2">
  <reporter-output>
  </reporter-output>
  <suite name="Default suite" duration-ms="23905" started-at="2020-06-21T07:15:30Z" finished-at="2020-06-21T07:15:54Z">
    <groups>
      <group name="cucumber">
        <method signature="AbstractTestNGCucumberTests.feature(cucumber.api.testng.CucumberFeatureWrapper)[pri:0, instance:runners.testrunnersample@a67c67e]" name="feature" class="cucumber.api.testng.AbstractTestNGCucumberTests"/>
      </group> <!-- cucumber -->
    </groups>
    <test name="Default test" duration-ms="23905" started-at="2020-06-21T07:15:30Z" finished-at="2020-06-21T07:15:54Z">
      <class name="runners.testrunnersample">
        <test-method status="PASS" signature="setUpClass()[pri:0, instance:runners.testrunnersample@a67c67e]" name="setUpClass" is-config="true" duration-ms="144" started-at="2020-06-21T12:45:30Z" finished-at="2020-06-21T12:45:31Z">
          <reporter-output>
          </reporter-output>
        </test-method> <!-- setUpClass -->
        <test-method status="PASS" signature="setup()[pri:0, instance:runners.testrunnersample@a67c67e]" name="setup" is-config="true" duration-ms="149" started-at="2020-06-21T12:45:31Z" finished-at="2020-06-21T12:45:31Z">
          <reporter-output>
          </reporter-output>
        </test-method> <!-- setup -->
        <test-method status="PASS" signature="feature(cucumber.api.testng.CucumberFeatureWrapper)[pri:0, instance:runners.testrunnersample@a67c67e]" name="feature" duration-ms="12181" started-at="2020-06-21T12:45:31Z" description="Runs Cucumber Feature" data-provider="features" finished-at="2020-06-21T12:45:43Z">
          <params>
            <param index="0">
              <value>
                <![CDATA[De-Register Taxtype]]>
              </value>
            </param>
          </params>
          <reporter-output>
          </reporter-output>
        </test-method> <!-- feature -->
        <test-method status="PASS" signature="feature(cucumber.api.testng.CucumberFeatureWrapper)[pri:0, instance:runners.testrunnersample@a67c67e]" name="feature" duration-ms="11349" started-at="2020-06-21T12:45:43Z" description="Runs Cucumber Feature" data-provider="features" finished-at="2020-06-21T12:45:54Z">
          <params>
            <param index="0">
              <value>
                <![CDATA[De-Register Taxtype]]>
              </value>
            </param>
          </params>
          <reporter-output>
          </reporter-output>
        </test-method> <!-- feature -->
        <test-method status="PASS" signature="tearDownClass()[pri:0, instance:runners.testrunnersample@a67c67e]" name="tearDownClass" is-config="true" duration-ms="24" started-at="2020-06-21T12:45:54Z" finished-at="2020-06-21T12:45:54Z">
          <reporter-output>
          </reporter-output>
        </test-method> <!-- tearDownClass -->
      </class> <!-- runners.testrunnersample -->
    </test> <!-- Default test -->
  </suite> <!-- Default suite -->
</testng-results>
